<?xml version="1.0" encoding="UTF-8"?>
<!-- Generated by org.testng.reporters.JUnitReportReporter -->
<testsuite skipped="0" hostname="DESKTOP-SSR934S" name="testCases.NzTC_001_AccountRegistration" tests="1" failures="0" timestamp="2022-04-01T13:53:42 NZDT" time="5.821" errors="0">
  <testcase name="test_account_Registration" time="5.821" classname="testCases.NzTC_001_AccountRegistration"/>
  <system-out/>
</testsuite> <!-- testCases.NzTC_001_AccountRegistration -->
